\BOOKMARK [1][-]{section*.2}{A Song of Heaven and Homeland}{}% 1
\BOOKMARK [1][-]{section*.3}{Annies Song}{}% 2
\BOOKMARK [1][-]{section*.4}{As We Come to You in Prayer}{}% 3
\BOOKMARK [1][-]{section*.5}{Cavatina}{}% 4
\BOOKMARK [1][-]{section*.6}{Fairest Lord Jesus}{}% 5
\BOOKMARK [1][-]{section*.7}{Father Lead Me Day by Day}{}% 6
\BOOKMARK [1][-]{section*.8}{Godfather Theme}{}% 7
\BOOKMARK [1][-]{section*.9}{Hurt}{}% 8
\BOOKMARK [1][-]{section*.10}{It is Well}{}% 9
\BOOKMARK [1][-]{section*.11}{Jesu Joy of Man Desiring}{}% 10
\BOOKMARK [1][-]{section*.12}{Let All Mortal Flesh Keep Silence}{}% 11
\BOOKMARK [1][-]{section*.13}{Mad World}{}% 12
\BOOKMARK [1][-]{section*.14}{Near to the Heart of God}{}% 13
\BOOKMARK [1][-]{section*.15}{Nearer Still Nearer}{}% 14
\BOOKMARK [1][-]{section*.16}{Not I But Christ}{}% 15
\BOOKMARK [1][-]{section*.17}{Perhaps Love}{}% 16
\BOOKMARK [1][-]{section*.18}{Sebastian and Mias Theme}{}% 17
\BOOKMARK [1][-]{section*.19}{The Scientist}{}% 18
\BOOKMARK [1][-]{section*.20}{Wake Me Up When September Ends}{}% 19
\BOOKMARK [1][-]{section*.21}{Were You There}{}% 20
\BOOKMARK [1][-]{section*.22}{What Child is This}{}% 21
